<?xml version="1.0" encoding="UTF-8"?>
<!-- Generated by org.testng.reporters.JUnitXMLReporter -->
<testsuite hostname="LAPTOP-CM7CPS02" name="Test" tests="11" failures="11" timestamp="15 Sep 2018 16:07:44 GMT" time="151.532" errors="0">
  <testcase name="IRCTC_Cab_withPNR" time="4.511" classname="testcases.Testcase_4">
    <failure type="org.testng.TestNGException" message="
The data provider is trying to pass 1 parameters but the method testcases.Testcase_4#IRCTC_Cab_withPNR takes 2 and TestNG is unable in inject a suitable object">
      <![CDATA[org.testng.TestNGException: 
The data provider is trying to pass 1 parameters but the method testcases.Testcase_4#IRCTC_Cab_withPNR takes 2 and TestNG is unable in inject a suitable object
Caused by: java.lang.ArrayIndexOutOfBoundsException: 1
	... 17 more
... Removed 19 stack frames]]>
    </failure>
  </testcase> <!-- IRCTC_Cab_withPNR -->
  <testcase name="Hotel_Booking" time="24.23" classname="testcases.TestCase_2">
    <failure type="java.lang.NullPointerException">
      <![CDATA[java.lang.NullPointerException
	at utils.Reporter.reportStep(Reporter.java:27)
	at wrappers.GenericWrappers.invokeApp(GenericWrappers.java:116)
	at testcases.TestCase_2.Hotel_Booking(TestCase_2.java:12)
... Removed 24 stack frames]]>
    </failure>
  </testcase> <!-- Hotel_Booking -->
  <testcase name="Hotel_Booking" time="17.135" classname="testcases.TestCase_2">
    <failure type="java.lang.NullPointerException">
      <![CDATA[java.lang.NullPointerException
	at utils.Reporter.reportStep(Reporter.java:27)
	at wrappers.GenericWrappers.invokeApp(GenericWrappers.java:116)
	at testcases.TestCase_2.Hotel_Booking(TestCase_2.java:12)
... Removed 24 stack frames]]>
    </failure>
  </testcase> <!-- Hotel_Booking -->
  <testcase name="Hotel_Booking" time="47.122" classname="testcases.TestCase_2">
    <failure type="java.lang.NullPointerException">
      <![CDATA[java.lang.NullPointerException
	at utils.Reporter.reportStep(Reporter.java:27)
	at wrappers.GenericWrappers.invokeApp(GenericWrappers.java:116)
	at testcases.TestCase_2.Hotel_Booking(TestCase_2.java:12)
... Removed 24 stack frames]]>
    </failure>
  </testcase> <!-- Hotel_Booking -->
  <testcase name="NVSP_form" time="0.499" classname="testcases.TestCase_3">
    <failure type="org.testng.TestNGException" message="
The data provider is trying to pass 29 parameters but the method testcases.TestCase_3#NVSP_form takes 34 and TestNG is unable in inject a suitable object">
      <![CDATA[org.testng.TestNGException: 
The data provider is trying to pass 29 parameters but the method testcases.TestCase_3#NVSP_form takes 34 and TestNG is unable in inject a suitable object
Caused by: java.lang.ArrayIndexOutOfBoundsException: 29
	... 17 more
... Removed 19 stack frames]]>
    </failure>
  </testcase> <!-- NVSP_form -->
  <testcase name="IRCTC_cab_WithoutPNR" time="9.551" classname="testcases.TestCase_5">
    <failure type="java.lang.NullPointerException">
      <![CDATA[java.lang.NullPointerException
	at utils.Reporter.reportStep(Reporter.java:31)
	at wrappers.GenericWrappers.invokeApp(GenericWrappers.java:120)
	at testcases.TestCase_5.IRCTC_cab_WithoutPNR(TestCase_5.java:17)
... Removed 24 stack frames]]>
    </failure>
  </testcase> <!-- IRCTC_cab_WithoutPNR -->
  <testcase name="IRCTC_cab_WithoutPNR" time="9.449" classname="testcases.TestCase_5">
    <failure type="java.lang.NullPointerException">
      <![CDATA[java.lang.NullPointerException
	at utils.Reporter.reportStep(Reporter.java:31)
	at wrappers.GenericWrappers.invokeApp(GenericWrappers.java:120)
	at testcases.TestCase_5.IRCTC_cab_WithoutPNR(TestCase_5.java:17)
... Removed 24 stack frames]]>
    </failure>
  </testcase> <!-- IRCTC_cab_WithoutPNR -->
  <testcase name="IRCTC_cab_WithoutPNR" time="5.75" classname="testcases.TestCase_5">
    <failure type="java.lang.NullPointerException">
      <![CDATA[java.lang.NullPointerException
	at utils.Reporter.reportStep(Reporter.java:27)
	at wrappers.GenericWrappers.invokeApp(GenericWrappers.java:116)
	at testcases.TestCase_5.IRCTC_cab_WithoutPNR(TestCase_5.java:17)
... Removed 24 stack frames]]>
    </failure>
  </testcase> <!-- IRCTC_cab_WithoutPNR -->
  <testcase name="irctcsignup" time="10.172" classname="testcases.TestCase_1">
    <failure type="java.lang.NullPointerException">
      <![CDATA[java.lang.NullPointerException
	at utils.Reporter.reportStep(Reporter.java:31)
	at wrappers.GenericWrappers.invokeApp(GenericWrappers.java:120)
	at testcases.TestCase_1.irctcsignup(TestCase_1.java:18)
... Removed 24 stack frames]]>
    </failure>
  </testcase> <!-- irctcsignup -->
  <testcase name="irctcsignup" time="16.719" classname="testcases.TestCase_1">
    <failure type="java.lang.NullPointerException">
      <![CDATA[java.lang.NullPointerException
	at utils.Reporter.reportStep(Reporter.java:31)
	at wrappers.GenericWrappers.invokeApp(GenericWrappers.java:120)
	at testcases.TestCase_1.irctcsignup(TestCase_1.java:18)
... Removed 24 stack frames]]>
    </failure>
  </testcase> <!-- irctcsignup -->
  <testcase name="irctcsignup" time="5.663" classname="testcases.TestCase_1">
    <failure type="java.lang.NullPointerException">
      <![CDATA[java.lang.NullPointerException
	at utils.Reporter.reportStep(Reporter.java:27)
	at wrappers.GenericWrappers.invokeApp(GenericWrappers.java:116)
	at testcases.TestCase_1.irctcsignup(TestCase_1.java:18)
... Removed 24 stack frames]]>
    </failure>
  </testcase> <!-- irctcsignup -->
</testsuite> <!-- Test -->
