<?xml version="1.0" encoding="UTF-8"?>
<testng-results skipped="0" failed="3" ignored="0" total="3" passed="0">
  <reporter-output>
  </reporter-output>
  <suite name="Default suite" duration-ms="35655" started-at="2018-11-02T05:28:04Z" finished-at="2018-11-02T05:28:40Z">
    <groups>
    </groups>
    <test name="Default test" duration-ms="35655" started-at="2018-11-02T05:28:04Z" finished-at="2018-11-02T05:28:40Z">
      <class name="testcases.TestCase_1">
        <test-method status="FAIL" signature="irctcsignup(java.lang.String, java.lang.String, java.lang.String, java.lang.String, java.lang.String, java.lang.String, java.lang.String, java.lang.String, java.lang.String, java.lang.String, java.lang.String, java.lang.String, java.lang.String, java.lang.String, java.lang.String, java.lang.String, java.lang.String, java.lang.String, java.lang.String, java.lang.String, java.lang.String, java.lang.String, java.lang.String, java.lang.String, java.lang.String, java.lang.String)[pri:0, instance:testcases.TestCase_1@1f27fae]" name="irctcsignup" duration-ms="13317" started-at="2018-11-02T05:28:06Z" data-provider="fetchData" finished-at="2018-11-02T05:28:19Z">
          <params>
            <param index="0">
              <value>
                <![CDATA[liberty]]>
              </value>
            </param>
            <param index="1">
              <value>
                <![CDATA[test]]>
              </value>
            </param>
            <param index="2">
              <value>
                <![CDATA[test]]>
              </value>
            </param>
            <param index="3">
              <value>
                <![CDATA[0]]>
              </value>
            </param>
            <param index="4">
              <value>
                <![CDATA[dog]]>
              </value>
            </param>
            <param index="5">
              <value>
                <![CDATA[en]]>
              </value>
            </param>
            <param index="6">
              <value>
                <![CDATA[Liberty]]>
              </value>
            </param>
            <param index="7">
              <value>
                <![CDATA[Testing]]>
              </value>
            </param>
            <param index="8">
              <value>
                <![CDATA[center]]>
              </value>
            </param>
            <param index="9">
              <value>
                <![CDATA[05]]>
              </value>
            </param>
            <param index="10">
              <value>
                <![CDATA[0]]>
              </value>
            </param>
            <param index="11">
              <value>
                <![CDATA[1997]]>
              </value>
            </param>
            <param index="12">
              <value>
                <![CDATA[SelfEmployed]]>
              </value>
            </param>
            <param index="13">
              <value>
                <![CDATA[1234567890]]>
              </value>
            </param>
            <param index="14">
              <value>
                <![CDATA[1234567890]]>
              </value>
            </param>
            <param index="15">
              <value>
                <![CDATA[94]]>
              </value>
            </param>
            <param index="16">
              <value>
                <![CDATA[lts@gmail.com]]>
              </value>
            </param>
            <param index="17">
              <value>
                <![CDATA[8520040327]]>
              </value>
            </param>
            <param index="18">
              <value>
                <![CDATA[94]]>
              </value>
            </param>
            <param index="19">
              <value>
                <![CDATA[4-164/a]]>
              </value>
            </param>
            <param index="20">
              <value>
                <![CDATA[karapakam]]>
              </value>
            </param>
            <param index="21">
              <value>
                <![CDATA[karapakam]]>
              </value>
            </param>
            <param index="22">
              <value>
                <![CDATA[600119]]>
              </value>
            </param>
            <param index="23">
              <value>
                <![CDATA[1]]>
              </value>
            </param>
            <param index="24">
              <value>
                <![CDATA[2]]>
              </value>
            </param>
            <param index="25">
              <value>
                <![CDATA[8520040327]]>
              </value>
            </param>
          </params>
          <exception class="java.lang.NullPointerException">
            <full-stacktrace>
              <![CDATA[java.lang.NullPointerException
at utils.Reporter.reportStep(Reporter.java:27)
at wrappers.GenericWrappers.invokeApp(GenericWrappers.java:116)
at testcases.TestCase_1.irctcsignup(TestCase_1.java:18)
at sun.reflect.NativeMethodAccessorImpl.invoke0(Native Method)
at sun.reflect.NativeMethodAccessorImpl.invoke(Unknown Source)
at sun.reflect.DelegatingMethodAccessorImpl.invoke(Unknown Source)
at java.lang.reflect.Method.invoke(Unknown Source)
at org.testng.internal.MethodInvocationHelper.invokeMethod(MethodInvocationHelper.java:124)
at org.testng.internal.Invoker.invokeMethod(Invoker.java:580)
at org.testng.internal.Invoker.invokeTestMethod(Invoker.java:716)
at org.testng.internal.Invoker.invokeTestMethods(Invoker.java:988)
at org.testng.internal.TestMethodWorker.invokeTestMethods(TestMethodWorker.java:125)
at org.testng.internal.TestMethodWorker.run(TestMethodWorker.java:109)
at org.testng.TestRunner.privateRun(TestRunner.java:648)
at org.testng.TestRunner.run(TestRunner.java:505)
at org.testng.SuiteRunner.runTest(SuiteRunner.java:455)
at org.testng.SuiteRunner.runSequentially(SuiteRunner.java:450)
at org.testng.SuiteRunner.privateRun(SuiteRunner.java:415)
at org.testng.SuiteRunner.run(SuiteRunner.java:364)
at org.testng.SuiteRunnerWorker.runSuite(SuiteRunnerWorker.java:52)
at org.testng.SuiteRunnerWorker.run(SuiteRunnerWorker.java:84)
at org.testng.TestNG.runSuitesSequentially(TestNG.java:1208)
at org.testng.TestNG.runSuitesLocally(TestNG.java:1137)
at org.testng.TestNG.runSuites(TestNG.java:1049)
at org.testng.TestNG.run(TestNG.java:1017)
at org.testng.remote.AbstractRemoteTestNG.run(AbstractRemoteTestNG.java:114)
at org.testng.remote.RemoteTestNG.initAndRun(RemoteTestNG.java:251)
at org.testng.remote.RemoteTestNG.main(RemoteTestNG.java:77)
]]>
            </full-stacktrace>
          </exception> <!-- java.lang.NullPointerException -->
          <reporter-output>
          </reporter-output>
        </test-method> <!-- irctcsignup -->
        <test-method status="FAIL" signature="irctcsignup(java.lang.String, java.lang.String, java.lang.String, java.lang.String, java.lang.String, java.lang.String, java.lang.String, java.lang.String, java.lang.String, java.lang.String, java.lang.String, java.lang.String, java.lang.String, java.lang.String, java.lang.String, java.lang.String, java.lang.String, java.lang.String, java.lang.String, java.lang.String, java.lang.String, java.lang.String, java.lang.String, java.lang.String, java.lang.String, java.lang.String)[pri:0, instance:testcases.TestCase_1@1f27fae]" name="irctcsignup" duration-ms="4798" started-at="2018-11-02T05:28:19Z" data-provider="fetchData" finished-at="2018-11-02T05:28:24Z">
          <params>
            <param index="0">
              <value>
                <![CDATA[harish]]>
              </value>
            </param>
            <param index="1">
              <value>
                <![CDATA[test1]]>
              </value>
            </param>
            <param index="2">
              <value>
                <![CDATA[test1]]>
              </value>
            </param>
            <param index="3">
              <value>
                <![CDATA[0]]>
              </value>
            </param>
            <param index="4">
              <value>
                <![CDATA[cat]]>
              </value>
            </param>
            <param index="5">
              <value>
                <![CDATA[en]]>
              </value>
            </param>
            <param index="6">
              <value>
                <![CDATA[Harish]]>
              </value>
            </param>
            <param index="7">
              <value>
                <![CDATA[]]>
              </value>
            </param>
            <param index="8">
              <value>
                <![CDATA[Chidere]]>
              </value>
            </param>
            <param index="9">
              <value>
                <![CDATA[05]]>
              </value>
            </param>
            <param index="10">
              <value>
                <![CDATA[0]]>
              </value>
            </param>
            <param index="11">
              <value>
                <![CDATA[1997]]>
              </value>
            </param>
            <param index="12">
              <value>
                <![CDATA[SelfEmployed]]>
              </value>
            </param>
            <param index="13">
              <value>
                <![CDATA[1234567809]]>
              </value>
            </param>
            <param index="14">
              <value>
                <![CDATA[1234567809]]>
              </value>
            </param>
            <param index="15">
              <value>
                <![CDATA[94]]>
              </value>
            </param>
            <param index="16">
              <value>
                <![CDATA[12345@gmail.com]]>
              </value>
            </param>
            <param index="17">
              <value>
                <![CDATA[8341029562]]>
              </value>
            </param>
            <param index="18">
              <value>
                <![CDATA[94]]>
              </value>
            </param>
            <param index="19">
              <value>
                <![CDATA[5-164/a]]>
              </value>
            </param>
            <param index="20">
              <value>
                <![CDATA[vidhyanagar colony]]>
              </value>
            </param>
            <param index="21">
              <value>
                <![CDATA[vidhyanagar colony]]>
              </value>
            </param>
            <param index="22">
              <value>
                <![CDATA[509375]]>
              </value>
            </param>
            <param index="23">
              <value>
                <![CDATA[1]]>
              </value>
            </param>
            <param index="24">
              <value>
                <![CDATA[3]]>
              </value>
            </param>
            <param index="25">
              <value>
                <![CDATA[8341029562]]>
              </value>
            </param>
          </params>
          <exception class="java.lang.NullPointerException">
            <full-stacktrace>
              <![CDATA[java.lang.NullPointerException
at utils.Reporter.reportStep(Reporter.java:27)
at wrappers.GenericWrappers.invokeApp(GenericWrappers.java:116)
at testcases.TestCase_1.irctcsignup(TestCase_1.java:18)
at sun.reflect.NativeMethodAccessorImpl.invoke0(Native Method)
at sun.reflect.NativeMethodAccessorImpl.invoke(Unknown Source)
at sun.reflect.DelegatingMethodAccessorImpl.invoke(Unknown Source)
at java.lang.reflect.Method.invoke(Unknown Source)
at org.testng.internal.MethodInvocationHelper.invokeMethod(MethodInvocationHelper.java:124)
at org.testng.internal.Invoker.invokeMethod(Invoker.java:580)
at org.testng.internal.Invoker.invokeTestMethod(Invoker.java:716)
at org.testng.internal.Invoker.invokeTestMethods(Invoker.java:988)
at org.testng.internal.TestMethodWorker.invokeTestMethods(TestMethodWorker.java:125)
at org.testng.internal.TestMethodWorker.run(TestMethodWorker.java:109)
at org.testng.TestRunner.privateRun(TestRunner.java:648)
at org.testng.TestRunner.run(TestRunner.java:505)
at org.testng.SuiteRunner.runTest(SuiteRunner.java:455)
at org.testng.SuiteRunner.runSequentially(SuiteRunner.java:450)
at org.testng.SuiteRunner.privateRun(SuiteRunner.java:415)
at org.testng.SuiteRunner.run(SuiteRunner.java:364)
at org.testng.SuiteRunnerWorker.runSuite(SuiteRunnerWorker.java:52)
at org.testng.SuiteRunnerWorker.run(SuiteRunnerWorker.java:84)
at org.testng.TestNG.runSuitesSequentially(TestNG.java:1208)
at org.testng.TestNG.runSuitesLocally(TestNG.java:1137)
at org.testng.TestNG.runSuites(TestNG.java:1049)
at org.testng.TestNG.run(TestNG.java:1017)
at org.testng.remote.AbstractRemoteTestNG.run(AbstractRemoteTestNG.java:114)
at org.testng.remote.RemoteTestNG.initAndRun(RemoteTestNG.java:251)
at org.testng.remote.RemoteTestNG.main(RemoteTestNG.java:77)
]]>
            </full-stacktrace>
          </exception> <!-- java.lang.NullPointerException -->
          <reporter-output>
          </reporter-output>
        </test-method> <!-- irctcsignup -->
        <test-method status="FAIL" signature="irctcsignup(java.lang.String, java.lang.String, java.lang.String, java.lang.String, java.lang.String, java.lang.String, java.lang.String, java.lang.String, java.lang.String, java.lang.String, java.lang.String, java.lang.String, java.lang.String, java.lang.String, java.lang.String, java.lang.String, java.lang.String, java.lang.String, java.lang.String, java.lang.String, java.lang.String, java.lang.String, java.lang.String, java.lang.String, java.lang.String, java.lang.String)[pri:0, instance:testcases.TestCase_1@1f27fae]" name="irctcsignup" duration-ms="16069" started-at="2018-11-02T05:28:24Z" data-provider="fetchData" finished-at="2018-11-02T05:28:40Z">
          <params>
            <param index="0">
              <value>
                <![CDATA[girish]]>
              </value>
            </param>
            <param index="1">
              <value>
                <![CDATA[test2]]>
              </value>
            </param>
            <param index="2">
              <value>
                <![CDATA[test2]]>
              </value>
            </param>
            <param index="3">
              <value>
                <![CDATA[0]]>
              </value>
            </param>
            <param index="4">
              <value>
                <![CDATA[rat]]>
              </value>
            </param>
            <param index="5">
              <value>
                <![CDATA[en]]>
              </value>
            </param>
            <param index="6">
              <value>
                <![CDATA[Gireesh]]>
              </value>
            </param>
            <param index="7">
              <value>
                <![CDATA[Gudla]]>
              </value>
            </param>
            <param index="8">
              <value>
                <![CDATA[Sabari]]>
              </value>
            </param>
            <param index="9">
              <value>
                <![CDATA[05]]>
              </value>
            </param>
            <param index="10">
              <value>
                <![CDATA[0]]>
              </value>
            </param>
            <param index="11">
              <value>
                <![CDATA[1997]]>
              </value>
            </param>
            <param index="12">
              <value>
                <![CDATA[SelfEmployed]]>
              </value>
            </param>
            <param index="13">
              <value>
                <![CDATA[1234567590]]>
              </value>
            </param>
            <param index="14">
              <value>
                <![CDATA[1234567590]]>
              </value>
            </param>
            <param index="15">
              <value>
                <![CDATA[94]]>
              </value>
            </param>
            <param index="16">
              <value>
                <![CDATA[maggie@gmail.com]]>
              </value>
            </param>
            <param index="17">
              <value>
                <![CDATA[8341040327]]>
              </value>
            </param>
            <param index="18">
              <value>
                <![CDATA[94]]>
              </value>
            </param>
            <param index="19">
              <value>
                <![CDATA[6-164/a]]>
              </value>
            </param>
            <param index="20">
              <value>
                <![CDATA[srikaklulam]]>
              </value>
            </param>
            <param index="21">
              <value>
                <![CDATA[srikaklulam]]>
              </value>
            </param>
            <param index="22">
              <value>
                <![CDATA[532440]]>
              </value>
            </param>
            <param index="23">
              <value>
                <![CDATA[1]]>
              </value>
            </param>
            <param index="24">
              <value>
                <![CDATA[15]]>
              </value>
            </param>
            <param index="25">
              <value>
                <![CDATA[8341040327]]>
              </value>
            </param>
          </params>
          <exception class="java.lang.NullPointerException">
            <full-stacktrace>
              <![CDATA[java.lang.NullPointerException
at utils.Reporter.reportStep(Reporter.java:31)
at wrappers.GenericWrappers.invokeApp(GenericWrappers.java:120)
at testcases.TestCase_1.irctcsignup(TestCase_1.java:18)
at sun.reflect.NativeMethodAccessorImpl.invoke0(Native Method)
at sun.reflect.NativeMethodAccessorImpl.invoke(Unknown Source)
at sun.reflect.DelegatingMethodAccessorImpl.invoke(Unknown Source)
at java.lang.reflect.Method.invoke(Unknown Source)
at org.testng.internal.MethodInvocationHelper.invokeMethod(MethodInvocationHelper.java:124)
at org.testng.internal.Invoker.invokeMethod(Invoker.java:580)
at org.testng.internal.Invoker.invokeTestMethod(Invoker.java:716)
at org.testng.internal.Invoker.invokeTestMethods(Invoker.java:988)
at org.testng.internal.TestMethodWorker.invokeTestMethods(TestMethodWorker.java:125)
at org.testng.internal.TestMethodWorker.run(TestMethodWorker.java:109)
at org.testng.TestRunner.privateRun(TestRunner.java:648)
at org.testng.TestRunner.run(TestRunner.java:505)
at org.testng.SuiteRunner.runTest(SuiteRunner.java:455)
at org.testng.SuiteRunner.runSequentially(SuiteRunner.java:450)
at org.testng.SuiteRunner.privateRun(SuiteRunner.java:415)
at org.testng.SuiteRunner.run(SuiteRunner.java:364)
at org.testng.SuiteRunnerWorker.runSuite(SuiteRunnerWorker.java:52)
at org.testng.SuiteRunnerWorker.run(SuiteRunnerWorker.java:84)
at org.testng.TestNG.runSuitesSequentially(TestNG.java:1208)
at org.testng.TestNG.runSuitesLocally(TestNG.java:1137)
at org.testng.TestNG.runSuites(TestNG.java:1049)
at org.testng.TestNG.run(TestNG.java:1017)
at org.testng.remote.AbstractRemoteTestNG.run(AbstractRemoteTestNG.java:114)
at org.testng.remote.RemoteTestNG.initAndRun(RemoteTestNG.java:251)
at org.testng.remote.RemoteTestNG.main(RemoteTestNG.java:77)
]]>
            </full-stacktrace>
          </exception> <!-- java.lang.NullPointerException -->
          <reporter-output>
          </reporter-output>
        </test-method> <!-- irctcsignup -->
      </class> <!-- testcases.TestCase_1 -->
    </test> <!-- Default test -->
  </suite> <!-- Default suite -->
</testng-results>
